Executing /scratch/cb761139/ps_parprog_2024/04/monte_carlo_pi/mc_pi_atomic with 1 threads
Approximation of PI took 11.404 seconds with 1 threads - value: 3.1415790800
	Command being timed: "/scratch/cb761139/ps_parprog_2024/04/monte_carlo_pi/mc_pi_atomic"
	User time (seconds): 11.39
	System time (seconds): 0.00
	Percent of CPU this job got: 99%
	Elapsed (wall clock) time (h:mm:ss or m:ss): 0:11.41
	Average shared text size (kbytes): 0
	Average unshared data size (kbytes): 0
	Average stack size (kbytes): 0
	Average total size (kbytes): 0
	Maximum resident set size (kbytes): 1924
	Average resident set size (kbytes): 0
	Major (requiring I/O) page faults: 0
	Minor (reclaiming a frame) page faults: 81
	Voluntary context switches: 7
	Involuntary context switches: 44
	Swaps: 0
	File system inputs: 0
	File system outputs: 0
	Socket messages sent: 0
	Socket messages received: 0
	Signals delivered: 0
	Page size (bytes): 4096
	Exit status: 0

Executing /scratch/cb761139/ps_parprog_2024/04/monte_carlo_pi/mc_pi_atomic with 2 threads
Approximation of PI took 11.607 seconds with 2 threads - value: 3.1415909829
	Command being timed: "/scratch/cb761139/ps_parprog_2024/04/monte_carlo_pi/mc_pi_atomic"
	User time (seconds): 23.18
	System time (seconds): 0.00
	Percent of CPU this job got: 199%
	Elapsed (wall clock) time (h:mm:ss or m:ss): 0:11.60
	Average shared text size (kbytes): 0
	Average unshared data size (kbytes): 0
	Average stack size (kbytes): 0
	Average total size (kbytes): 0
	Maximum resident set size (kbytes): 1932
	Average resident set size (kbytes): 0
	Major (requiring I/O) page faults: 0
	Minor (reclaiming a frame) page faults: 86
	Voluntary context switches: 3
	Involuntary context switches: 54
	Swaps: 0
	File system inputs: 0
	File system outputs: 0
	Socket messages sent: 0
	Socket messages received: 0
	Signals delivered: 0
	Page size (bytes): 4096
	Exit status: 0

Executing /scratch/cb761139/ps_parprog_2024/04/monte_carlo_pi/mc_pi_atomic with 4 threads
Approximation of PI took 21.111 seconds with 4 threads - value: 3.1415605314
	Command being timed: "/scratch/cb761139/ps_parprog_2024/04/monte_carlo_pi/mc_pi_atomic"
	User time (seconds): 81.12
	System time (seconds): 0.00
	Percent of CPU this job got: 384%
	Elapsed (wall clock) time (h:mm:ss or m:ss): 0:21.11
	Average shared text size (kbytes): 0
	Average unshared data size (kbytes): 0
	Average stack size (kbytes): 0
	Average total size (kbytes): 0
	Maximum resident set size (kbytes): 2040
	Average resident set size (kbytes): 0
	Major (requiring I/O) page faults: 0
	Minor (reclaiming a frame) page faults: 90
	Voluntary context switches: 4
	Involuntary context switches: 108
	Swaps: 0
	File system inputs: 0
	File system outputs: 0
	Socket messages sent: 0
	Socket messages received: 0
	Signals delivered: 0
	Page size (bytes): 4096
	Exit status: 0

Executing /scratch/cb761139/ps_parprog_2024/04/monte_carlo_pi/mc_pi_atomic with 6 threads
Approximation of PI took 24.331 seconds with 6 threads - value: 3.1415958800
	Command being timed: "/scratch/cb761139/ps_parprog_2024/04/monte_carlo_pi/mc_pi_atomic"
	User time (seconds): 139.47
	System time (seconds): 0.00
	Percent of CPU this job got: 573%
	Elapsed (wall clock) time (h:mm:ss or m:ss): 0:24.33
	Average shared text size (kbytes): 0
	Average unshared data size (kbytes): 0
	Average stack size (kbytes): 0
	Average total size (kbytes): 0
	Maximum resident set size (kbytes): 1968
	Average resident set size (kbytes): 0
	Major (requiring I/O) page faults: 0
	Minor (reclaiming a frame) page faults: 92
	Voluntary context switches: 7
	Involuntary context switches: 159
	Swaps: 0
	File system inputs: 0
	File system outputs: 0
	Socket messages sent: 0
	Socket messages received: 0
	Signals delivered: 0
	Page size (bytes): 4096
	Exit status: 0

Executing /scratch/cb761139/ps_parprog_2024/04/monte_carlo_pi/mc_pi_atomic with 12 threads
Approximation of PI took 22.529 seconds with 12 threads - value: 3.1415694114
	Command being timed: "/scratch/cb761139/ps_parprog_2024/04/monte_carlo_pi/mc_pi_atomic"
	User time (seconds): 262.59
	System time (seconds): 0.00
	Percent of CPU this job got: 1165%
	Elapsed (wall clock) time (h:mm:ss or m:ss): 0:22.53
	Average shared text size (kbytes): 0
	Average unshared data size (kbytes): 0
	Average stack size (kbytes): 0
	Average total size (kbytes): 0
	Maximum resident set size (kbytes): 1948
	Average resident set size (kbytes): 0
	Major (requiring I/O) page faults: 0
	Minor (reclaiming a frame) page faults: 105
	Voluntary context switches: 13
	Involuntary context switches: 187
	Swaps: 0
	File system inputs: 0
	File system outputs: 0
	Socket messages sent: 0
	Socket messages received: 0
	Signals delivered: 0
	Page size (bytes): 4096
	Exit status: 0

