perf

 Performance counter stats for './hadamard1':

               510      LLC-load-misses:u                                           
                 0      LLC-store-misses:u                                          

       0.013736086 seconds time elapsed

       0.000831000 seconds user
       0.002508000 seconds sys



cachegrind
==2826892== Cachegrind, a cache and branch-prediction profiler
==2826892== Copyright (C) 2002-2017, and GNU GPL'd, by Nicholas Nethercote et al.
==2826892== Using Valgrind-3.19.0 and LibVEX; rerun with -h for copyright info
==2826892== Command: ./hadamard1
==2826892== 
--2826892-- warning: L3 cache found, using its data for the LL simulation.
--2826892-- warning: specified LL cache: line_size 64  assoc 16  total_size 12,582,912
--2826892-- warning: simulated LL cache: line_size 64  assoc 24  total_size 12,582,912
==2826892== 
==2826892== I   refs:      6,567,753
==2826892== I1  misses:        1,019
==2826892== LLi misses:          986
==2826892== I1  miss rate:      0.02%
==2826892== LLi miss rate:      0.02%
==2826892== 
==2826892== D   refs:      3,408,225  (2,932,594 rd   + 475,631 wr) -> number of "first level" data cache accesses (memory read) first level closer to cpu (smaller but faster)
==2826892== D1  misses:      100,627  (   34,468 rd   +  66,159 wr)
==2826892== LLd misses:       50,988  (    1,348 rd   +  49,640 wr)
==2826892== D1  miss rate:       3.0% (      1.2%     +    13.9%  ) -> first level data cache miss rate
==2826892== LLd miss rate:       1.5% (      0.0%     +    10.4%  )
==2826892== 
==2826892== LL refs:         101,646  (   35,487 rd   +  66,159 wr) -> number of last level cache accesses (memory write)
==2826892== LL misses:        51,974  (    2,334 rd   +  49,640 wr)
==2826892== LL miss rate:        0.5% (      0.0%     +    10.4%  ) -> last level cache miss rate
